Assignment #5. TODO List. 2 Navigation/app/build/intermediates/manifest_merge_blame_file/debug/manifest-merger-blame-debug-report.txt
1<?xml version="1.0" encoding="utf-8"?>
2<manifest xmlns:android="http://schemas.android.com/apk/res/android"
3    package="com.makeevrserg.todolist"
4    android:versionCode="1"
5    android:versionName="1.0" >
6
7    <uses-sdk
8        android:minSdkVersion="21"
8-->src\main\AndroidManifest.xml
9        android:targetSdkVersion="28" />
9-->src\main\AndroidManifest.xml
10
11    <!-- Permission will be merged into the manifest of the hosting app. -->
12    <!-- Is required to launch foreground extraction service for targetSdkVersion 28+. -->
13    <uses-permission android:name="android.permission.FOREGROUND_SERVICE" />
13-->[com.google.android.play:core:1.10.2] AndroidManifest.xml:13:5-77
13-->[com.google.android.play:core:1.10.2] AndroidManifest.xml:13:22-74
14
15    <application
15-->src\main\AndroidManifest.xml:5:5-21:19
16        android:allowBackup="true"
16-->src\main\AndroidManifest.xml:6:9-35
17        android:appComponentFactory="androidx.core.app.CoreComponentFactory"
17-->[androidx.core:core:1.7.0] AndroidManifest.xml:24:18-86
18        android:debuggable="true"
19        android:icon="@mipmap/ic_launcher"
19-->src\main\AndroidManifest.xml:7:9-43
20        android:label="@string/app_name"
20-->src\main\AndroidManifest.xml:8:9-41
21        android:roundIcon="@mipmap/ic_launcher_round"
21-->src\main\AndroidManifest.xml:9:9-54
22        android:supportsRtl="true"
22-->src\main\AndroidManifest.xml:10:9-35
23        android:testOnly="true"
24        android:theme="@style/Theme.TodoList" >
24-->src\main\AndroidManifest.xml:11:9-46
25        <activity
25-->src\main\AndroidManifest.xml:12:9-20:20
26            android:name="com.makeevrserg.todolist.MainActivity"
26-->src\main\AndroidManifest.xml:13:13-41
27            android:exported="true" >
27-->src\main\AndroidManifest.xml:14:13-36
28            <intent-filter>
28-->src\main\AndroidManifest.xml:15:13-19:29
29                <action android:name="android.intent.action.MAIN" />
29-->src\main\AndroidManifest.xml:16:17-69
29-->src\main\AndroidManifest.xml:16:25-66
30
31                <category android:name="android.intent.category.LAUNCHER" />
31-->src\main\AndroidManifest.xml:18:17-77
31-->src\main\AndroidManifest.xml:18:27-74
32            </intent-filter>
33        </activity>
34
35        <uses-library
35-->[androidx.window:window:1.0.0] AndroidManifest.xml:25:9-27:40
36            android:name="androidx.window.extensions"
36-->[androidx.window:window:1.0.0] AndroidManifest.xml:26:13-54
37            android:required="false" />
37-->[androidx.window:window:1.0.0] AndroidManifest.xml:27:13-37
38        <uses-library
38-->[androidx.window:window:1.0.0] AndroidManifest.xml:28:9-30:40
39            android:name="androidx.window.sidecar"
39-->[androidx.window:window:1.0.0] AndroidManifest.xml:29:13-51
40            android:required="false" />
40-->[androidx.window:window:1.0.0] AndroidManifest.xml:30:13-37
41
42        <provider
42-->[androidx.emoji2:emoji2:1.0.0] AndroidManifest.xml:26:9-34:20
43            android:name="androidx.startup.InitializationProvider"
43-->[androidx.emoji2:emoji2:1.0.0] AndroidManifest.xml:27:13-67
44            android:authorities="com.makeevrserg.todolist.androidx-startup"
44-->[androidx.emoji2:emoji2:1.0.0] AndroidManifest.xml:28:13-68
45            android:exported="false" >
45-->[androidx.emoji2:emoji2:1.0.0] AndroidManifest.xml:29:13-37
46            <meta-data
46-->[androidx.emoji2:emoji2:1.0.0] AndroidManifest.xml:31:13-33:52
47                android:name="androidx.emoji2.text.EmojiCompatInitializer"
47-->[androidx.emoji2:emoji2:1.0.0] AndroidManifest.xml:32:17-75
48                android:value="androidx.startup" />
48-->[androidx.emoji2:emoji2:1.0.0] AndroidManifest.xml:33:17-49
49            <meta-data
49-->[androidx.lifecycle:lifecycle-process:2.4.0] AndroidManifest.xml:31:13-33:52
50                android:name="androidx.lifecycle.ProcessLifecycleInitializer"
50-->[androidx.lifecycle:lifecycle-process:2.4.0] AndroidManifest.xml:32:17-78
51                android:value="androidx.startup" />
51-->[androidx.lifecycle:lifecycle-process:2.4.0] AndroidManifest.xml:33:17-49
52        </provider> <!-- The activities will be merged into the manifest of the hosting app. -->
53        <activity
53-->[com.google.android.play:core:1.10.2] AndroidManifest.xml:18:9-24:45
54            android:name="com.google.android.play.core.missingsplits.PlayCoreMissingSplitsActivity"
54-->[com.google.android.play:core:1.10.2] AndroidManifest.xml:19:13-100
55            android:enabled="false"
55-->[com.google.android.play:core:1.10.2] AndroidManifest.xml:20:13-36
56            android:exported="false"
56-->[com.google.android.play:core:1.10.2] AndroidManifest.xml:21:13-37
57            android:launchMode="singleInstance"
57-->[com.google.android.play:core:1.10.2] AndroidManifest.xml:22:13-48
58            android:process=":playcore_missing_splits_activity"
58-->[com.google.android.play:core:1.10.2] AndroidManifest.xml:23:13-64
59            android:stateNotNeeded="true" />
59-->[com.google.android.play:core:1.10.2] AndroidManifest.xml:24:13-42
60        <activity
60-->[com.google.android.play:core:1.10.2] AndroidManifest.xml:25:9-29:65
61            android:name="com.google.android.play.core.common.PlayCoreDialogWrapperActivity"
61-->[com.google.android.play:core:1.10.2] AndroidManifest.xml:26:13-93
62            android:exported="false"
62-->[com.google.android.play:core:1.10.2] AndroidManifest.xml:27:13-37
63            android:stateNotNeeded="true"
63-->[com.google.android.play:core:1.10.2] AndroidManifest.xml:28:13-42
64            android:theme="@style/Theme.PlayCore.Transparent" /> <!-- The services will be merged into the manifest of the hosting app. -->
64-->[com.google.android.play:core:1.10.2] AndroidManifest.xml:29:13-62
65        <service
65-->[com.google.android.play:core:1.10.2] AndroidManifest.xml:32:9-39:19
66            android:name="com.google.android.play.core.assetpacks.AssetPackExtractionService"
66-->[com.google.android.play:core:1.10.2] AndroidManifest.xml:33:13-94
67            android:enabled="false"
67-->[com.google.android.play:core:1.10.2] AndroidManifest.xml:34:13-36
68            android:exported="true" >
68-->[com.google.android.play:core:1.10.2] AndroidManifest.xml:35:13-36
69            <meta-data
69-->[com.google.android.play:core:1.10.2] AndroidManifest.xml:36:13-38:41
70                android:name="com.google.android.play.core.assetpacks.versionCode"
70-->[com.google.android.play:core:1.10.2] AndroidManifest.xml:37:17-83
71                android:value="11002" />
71-->[com.google.android.play:core:1.10.2] AndroidManifest.xml:38:17-38
72        </service>
73        <service
73-->[com.google.android.play:core:1.10.2] AndroidManifest.xml:40:9-43:40
74            android:name="com.google.android.play.core.assetpacks.ExtractionForegroundService"
74-->[com.google.android.play:core:1.10.2] AndroidManifest.xml:41:13-95
75            android:enabled="false"
75-->[com.google.android.play:core:1.10.2] AndroidManifest.xml:42:13-36
76            android:exported="false" />
76-->[com.google.android.play:core:1.10.2] AndroidManifest.xml:43:13-37
77    </application>
78
79</manifest>